0 info it worked if it ends with ok
1 verbose cli [ 'D:\\Program Files\\nodejs\\node.exe',
1 verbose cli   'D:\\Program Files\\nodejs\\node_modules\\npm\\bin\\npm-cli.js',
1 verbose cli   'install',
1 verbose cli   'angular-resource@X.Y.Z' ]
2 info using npm@3.8.6
3 info using node@v6.1.0
4 silly loadCurrentTree Starting
5 silly install loadCurrentTree
6 silly install readLocalPackageData
7 silly fetchPackageMetaData angular-resource@X.Y.Z
8 silly fetchNamedPackageData angular-resource
9 silly mapToRegistry name angular-resource
10 silly mapToRegistry using default registry
11 silly mapToRegistry registry https://registry.npmjs.org/
12 silly mapToRegistry data Result {
12 silly mapToRegistry   raw: 'angular-resource',
12 silly mapToRegistry   scope: null,
12 silly mapToRegistry   name: 'angular-resource',
12 silly mapToRegistry   rawSpec: '',
12 silly mapToRegistry   spec: 'latest',
12 silly mapToRegistry   type: 'tag' }
13 silly mapToRegistry uri https://registry.npmjs.org/angular-resource
14 verbose request uri https://registry.npmjs.org/angular-resource
15 verbose request no auth needed
16 info attempt registry request try #1 at 22:28:57
17 verbose request id b7c508a64122a056
18 verbose etag "SPWVHCS4OFRQ05RPBB4QG098"
19 http request GET https://registry.npmjs.org/angular-resource
20 http 304 https://registry.npmjs.org/angular-resource
21 verbose headers { date: 'Wed, 11 May 2016 19:29:01 GMT',
21 verbose headers   via: '1.1 varnish',
21 verbose headers   'cache-control': 'max-age=300',
21 verbose headers   etag: '"SPWVHCS4OFRQ05RPBB4QG098"',
21 verbose headers   age: '0',
21 verbose headers   connection: 'keep-alive',
21 verbose headers   'x-served-by': 'cache-fra1222-FRA',
21 verbose headers   'x-cache': 'HIT',
21 verbose headers   'x-cache-hits': '1',
21 verbose headers   'x-timer': 'S1462994941.489648,VS0,VE209',
21 verbose headers   vary: 'Accept-Encoding' }
22 silly get cb [ 304,
22 silly get   { date: 'Wed, 11 May 2016 19:29:01 GMT',
22 silly get     via: '1.1 varnish',
22 silly get     'cache-control': 'max-age=300',
22 silly get     etag: '"SPWVHCS4OFRQ05RPBB4QG098"',
22 silly get     age: '0',
22 silly get     connection: 'keep-alive',
22 silly get     'x-served-by': 'cache-fra1222-FRA',
22 silly get     'x-cache': 'HIT',
22 silly get     'x-cache-hits': '1',
22 silly get     'x-timer': 'S1462994941.489648,VS0,VE209',
22 silly get     vary: 'Accept-Encoding' } ]
23 verbose etag https://registry.npmjs.org/angular-resource from cache
24 verbose get saving angular-resource to C:\Users\USER\AppData\Roaming\npm-cache\registry.npmjs.org\angular-resource\.cache.json
25 verbose correctMkdir C:\Users\USER\AppData\Roaming\npm-cache correctMkdir not in flight; initializing
26 silly fetchPackageMetaData Error: No compatible version found: angular-resource@X.Y.Z
26 silly fetchPackageMetaData Valid install targets:
26 silly fetchPackageMetaData 1.5.5, 1.5.3, 1.5.2, 1.5.1, 1.5.0, 1.5.0-rc.2, 1.5.0-rc.1, 1.5.0-rc.0, 1.5.0-beta.2, 1.5.0-beta.0, 1.4.10, 1.4.9, 1.4.8, 1.4.7, 1.4.6, 1.4.5, 1.4.4, 1.4.3, 1.4.2, 1.4.1, 1.4.0, 1.4.0-rc.2, 1.4.0-rc.1, 1.4.0-rc.0, 1.4.0-beta.6, 1.4.0-beta.5, 1.4.0-beta.4, 1.4.0-beta.3, 1.4.0-beta.2, 1.4.0-beta.1, 1.4.0-beta.0, 1.3.20, 1.3.19, 1.3.18, 1.3.17, 1.3.16, 1.3.15, 1.3.14, 1.3.13, 1.3.12, 1.3.11, 1.3.10, 1.3.9, 1.3.8, 1.3.7, 1.3.6, 1.3.5, 1.3.4, 1.3.4-build.3587, 1.3.3, 1.3.2, 1.3.1, 1.3.0, 1.3.0-rc.5, 1.2.29, 1.2.28, 1.2.27, 0.1.1, 0.1.0, 0.0.2, 0.0.1
26 silly fetchPackageMetaData
26 silly fetchPackageMetaData     at pickVersionFromRegistryDocument (D:\Program Files\nodejs\node_modules\npm\lib\fetch-package-metadata.js:156:16)
26 silly fetchPackageMetaData     at D:\Program Files\nodejs\node_modules\npm\node_modules\iferr\index.js:13:50
26 silly fetchPackageMetaData     at D:\Program Files\nodejs\node_modules\npm\lib\utils\pulse-till-done.js:19:8
26 silly fetchPackageMetaData     at saved (D:\Program Files\nodejs\node_modules\npm\lib\cache\caching-client.js:168:7)
26 silly fetchPackageMetaData     at D:\Program Files\nodejs\node_modules\npm\node_modules\graceful-fs\polyfills.js:210:7
26 silly fetchPackageMetaData     at FSReqWrap.oncomplete (fs.js:117:15)
26 silly fetchPackageMetaData  error for angular-resource@X.Y.Z Error: No compatible version found: angular-resource@X.Y.Z
26 silly fetchPackageMetaData Valid install targets:
26 silly fetchPackageMetaData 1.5.5, 1.5.3, 1.5.2, 1.5.1, 1.5.0, 1.5.0-rc.2, 1.5.0-rc.1, 1.5.0-rc.0, 1.5.0-beta.2, 1.5.0-beta.0, 1.4.10, 1.4.9, 1.4.8, 1.4.7, 1.4.6, 1.4.5, 1.4.4, 1.4.3, 1.4.2, 1.4.1, 1.4.0, 1.4.0-rc.2, 1.4.0-rc.1, 1.4.0-rc.0, 1.4.0-beta.6, 1.4.0-beta.5, 1.4.0-beta.4, 1.4.0-beta.3, 1.4.0-beta.2, 1.4.0-beta.1, 1.4.0-beta.0, 1.3.20, 1.3.19, 1.3.18, 1.3.17, 1.3.16, 1.3.15, 1.3.14, 1.3.13, 1.3.12, 1.3.11, 1.3.10, 1.3.9, 1.3.8, 1.3.7, 1.3.6, 1.3.5, 1.3.4, 1.3.4-build.3587, 1.3.3, 1.3.2, 1.3.1, 1.3.0, 1.3.0-rc.5, 1.2.29, 1.2.28, 1.2.27, 0.1.1, 0.1.0, 0.0.2, 0.0.1
26 silly fetchPackageMetaData
26 silly fetchPackageMetaData     at pickVersionFromRegistryDocument (D:\Program Files\nodejs\node_modules\npm\lib\fetch-package-metadata.js:156:16)
26 silly fetchPackageMetaData     at D:\Program Files\nodejs\node_modules\npm\node_modules\iferr\index.js:13:50
26 silly fetchPackageMetaData     at D:\Program Files\nodejs\node_modules\npm\lib\utils\pulse-till-done.js:19:8
26 silly fetchPackageMetaData     at saved (D:\Program Files\nodejs\node_modules\npm\lib\cache\caching-client.js:168:7)
26 silly fetchPackageMetaData     at D:\Program Files\nodejs\node_modules\npm\node_modules\graceful-fs\polyfills.js:210:7
26 silly fetchPackageMetaData     at FSReqWrap.oncomplete (fs.js:117:15)
27 silly rollbackFailedOptional Starting
28 silly rollbackFailedOptional Finishing
29 silly runTopLevelLifecycles Starting
30 silly runTopLevelLifecycles Finishing
31 silly install printInstalled
32 verbose stack Error: No compatible version found: angular-resource@X.Y.Z
32 verbose stack Valid install targets:
32 verbose stack 1.5.5, 1.5.3, 1.5.2, 1.5.1, 1.5.0, 1.5.0-rc.2, 1.5.0-rc.1, 1.5.0-rc.0, 1.5.0-beta.2, 1.5.0-beta.0, 1.4.10, 1.4.9, 1.4.8, 1.4.7, 1.4.6, 1.4.5, 1.4.4, 1.4.3, 1.4.2, 1.4.1, 1.4.0, 1.4.0-rc.2, 1.4.0-rc.1, 1.4.0-rc.0, 1.4.0-beta.6, 1.4.0-beta.5, 1.4.0-beta.4, 1.4.0-beta.3, 1.4.0-beta.2, 1.4.0-beta.1, 1.4.0-beta.0, 1.3.20, 1.3.19, 1.3.18, 1.3.17, 1.3.16, 1.3.15, 1.3.14, 1.3.13, 1.3.12, 1.3.11, 1.3.10, 1.3.9, 1.3.8, 1.3.7, 1.3.6, 1.3.5, 1.3.4, 1.3.4-build.3587, 1.3.3, 1.3.2, 1.3.1, 1.3.0, 1.3.0-rc.5, 1.2.29, 1.2.28, 1.2.27, 0.1.1, 0.1.0, 0.0.2, 0.0.1
32 verbose stack
32 verbose stack     at pickVersionFromRegistryDocument (D:\Program Files\nodejs\node_modules\npm\lib\fetch-package-metadata.js:156:16)
32 verbose stack     at D:\Program Files\nodejs\node_modules\npm\node_modules\iferr\index.js:13:50
32 verbose stack     at D:\Program Files\nodejs\node_modules\npm\lib\utils\pulse-till-done.js:19:8
32 verbose stack     at saved (D:\Program Files\nodejs\node_modules\npm\lib\cache\caching-client.js:168:7)
32 verbose stack     at D:\Program Files\nodejs\node_modules\npm\node_modules\graceful-fs\polyfills.js:210:7
32 verbose stack     at FSReqWrap.oncomplete (fs.js:117:15)
33 verbose cwd D:\GitHub\step_by_step\Web\website
34 error Windows_NT 6.1.7601
35 error argv "D:\\Program Files\\nodejs\\node.exe" "D:\\Program Files\\nodejs\\node_modules\\npm\\bin\\npm-cli.js" "install" "angular-resource@X.Y.Z"
36 error node v6.1.0
37 error npm  v3.8.6
38 error No compatible version found: angular-resource@X.Y.Z
38 error Valid install targets:
38 error 1.5.5, 1.5.3, 1.5.2, 1.5.1, 1.5.0, 1.5.0-rc.2, 1.5.0-rc.1, 1.5.0-rc.0, 1.5.0-beta.2, 1.5.0-beta.0, 1.4.10, 1.4.9, 1.4.8, 1.4.7, 1.4.6, 1.4.5, 1.4.4, 1.4.3, 1.4.2, 1.4.1, 1.4.0, 1.4.0-rc.2, 1.4.0-rc.1, 1.4.0-rc.0, 1.4.0-beta.6, 1.4.0-beta.5, 1.4.0-beta.4, 1.4.0-beta.3, 1.4.0-beta.2, 1.4.0-beta.1, 1.4.0-beta.0, 1.3.20, 1.3.19, 1.3.18, 1.3.17, 1.3.16, 1.3.15, 1.3.14, 1.3.13, 1.3.12, 1.3.11, 1.3.10, 1.3.9, 1.3.8, 1.3.7, 1.3.6, 1.3.5, 1.3.4, 1.3.4-build.3587, 1.3.3, 1.3.2, 1.3.1, 1.3.0, 1.3.0-rc.5, 1.2.29, 1.2.28, 1.2.27, 0.1.1, 0.1.0, 0.0.2, 0.0.1
39 error If you need help, you may report this error at:
39 error     <https://github.com/npm/npm/issues>
40 verbose exit [ 1, true ]
